<?xml version="1.0" encoding="UTF-8"?>
<!-- Generated by org.testng.reporters.JUnitReportReporter -->
<testsuite hostname="BCTCL-DL5420242" failures="0" tests="2" name="Bahwan.TestCoverageDemo.codeCoverageTest" time="0.021" errors="0" timestamp="2024-12-02T12:00:14 IST" skipped="0">
  <testcase classname="Bahwan.TestCoverageDemo.codeCoverageTest" name="sample1" time="0.018"/>
  <testcase classname="Bahwan.TestCoverageDemo.codeCoverageTest" name="sample2" time="0.003"/>
</testsuite> <!-- Bahwan.TestCoverageDemo.codeCoverageTest -->
