<?xml version="1.0" encoding="UTF-8"?>
<!-- Generated by org.testng.reporters.JUnitReportReporter -->
<testsuite hostname="BCTCL-DL5420242" failures="0" tests="2" name="Bahwan.TestCoverageDemo.codeCoverageTest" time="0.029" errors="0" timestamp="2024-12-08T18:35:59 IST" skipped="0">
  <testcase classname="Bahwan.TestCoverageDemo.codeCoverageTest" name="sample2" time="0.002"/>
  <testcase classname="Bahwan.TestCoverageDemo.codeCoverageTest" name="sample1" time="0.027"/>
</testsuite> <!-- Bahwan.TestCoverageDemo.codeCoverageTest -->
