<?xml version="1.0" encoding="UTF-8"?>
<!-- Generated by org.testng.reporters.JUnitReportReporter -->
<testsuite hostname="BCTCL-DL5420242" failures="0" tests="2" name="Bahwan.TestCoverageDemo.codeCoverageTest" time="0.010" errors="0" timestamp="2024-12-09T11:51:02 IST" skipped="0">
  <testcase classname="Bahwan.TestCoverageDemo.codeCoverageTest" name="sample1" time="0.010"/>
  <testcase classname="Bahwan.TestCoverageDemo.codeCoverageTest" name="sample2" time="0.000"/>
</testsuite> <!-- Bahwan.TestCoverageDemo.codeCoverageTest -->
