<?xml version="1.0" encoding="UTF-8"?>
<!-- Generated by org.testng.reporters.JUnitReportReporter -->
<testsuite hostname="BCTCL-DL5420242" failures="0" tests="1" name="Bahwan.TestCoverageDemo.sample" time="4.179" errors="0" timestamp="2024-11-27T13:42:12 IST" skipped="0">
  <testcase classname="Bahwan.TestCoverageDemo.sample" name="sample1" time="4.179"/>
</testsuite> <!-- Bahwan.TestCoverageDemo.sample -->
